<?xml version="1.0" encoding="UTF-8"?>
<!-- Generated by org.testng.reporters.JUnitReportReporter -->
<testsuite hostname="EPHUBUDW0729" name="firstSample.ThreadLocalDemo" tests="6" failures="0" timestamp="26 Aug 2015 07:55:23 GMT" time="54.794" errors="0">
  <testcase name="testMethod1" time="6.977" classname="firstSample.ThreadLocalDemo"/>
  <testcase name="testMethod1" time="6.625" classname="firstSample.ThreadLocalDemo"/>
  <testcase name="testMethod2" time="5.643" classname="firstSample.ThreadLocalDemo"/>
  <testcase name="testMethod2" time="12.952" classname="firstSample.ThreadLocalDemo"/>
  <testcase name="testMethod2" time="8.220" classname="firstSample.ThreadLocalDemo"/>
  <testcase name="testMethod1" time="14.377" classname="firstSample.ThreadLocalDemo"/>
</testsuite> <!-- firstSample.ThreadLocalDemo -->
