<?xml version="1.0" encoding="UTF-8"?>
<!-- Generated by org.testng.reporters.JUnitReportReporter -->
<testsuite hostname="EPHUBUDW0732" name="firstSample.ThreadLocalDemo" tests="6" failures="0" timestamp="10 Sep 2015 15:32:36 GMT" time="71.007" errors="0">
  <testcase name="testMethod1" time="13.904" classname="firstSample.ThreadLocalDemo"/>
  <testcase name="testMethod2" time="17.274" classname="firstSample.ThreadLocalDemo"/>
  <testcase name="testMethod2" time="7.149" classname="firstSample.ThreadLocalDemo"/>
  <testcase name="testMethod1" time="15.723" classname="firstSample.ThreadLocalDemo"/>
  <testcase name="testMethod2" time="13.728" classname="firstSample.ThreadLocalDemo"/>
  <testcase name="testMethod1" time="3.229" classname="firstSample.ThreadLocalDemo"/>
</testsuite> <!-- firstSample.ThreadLocalDemo -->
